[Tue Jan 21 14:27:56.896946 2014] [mpm_winnt:notice] [pid 5420:tid 256] AH00455: Apache/2.4.7 (Win32) PHP/5.5.8 configured -- resuming normal operations
[Tue Jan 21 14:27:56.896946 2014] [mpm_winnt:notice] [pid 5420:tid 256] AH00456: Apache Lounge VC11 Server built: Nov 21 2013 20:13:01
[Tue Jan 21 14:27:56.896946 2014] [core:notice] [pid 5420:tid 256] AH00094: Command line: 'C:\\Users\\Public\\APP-PO~1\\EASYPH~2.1VC\\binaries\\apache\\bin\\eds-httpd.exe -d C:/Users/Public/App-portables publics/EasyPHP-DevServer-14.1VC11/binaries/apache'
[Tue Jan 21 14:27:56.904947 2014] [mpm_winnt:notice] [pid 5420:tid 256] AH00418: Parent: Created child process 7772
[Tue Jan 21 14:27:57.412998 2014] [mpm_winnt:notice] [pid 7772:tid 268] AH00354: Child: Starting 64 worker threads.
[Tue Jan 21 14:28:15.904163 2014] [mpm_winnt:notice] [pid 5420:tid 256] AH00422: Parent: Received shutdown signal -- Shutting down the server.
[Tue Jan 21 14:28:17.932293 2014] [mpm_winnt:notice] [pid 7772:tid 268] AH00364: Child: All worker threads have exited.
[Tue Jan 21 14:28:17.963495 2014] [mpm_winnt:notice] [pid 5420:tid 256] AH00430: Parent: Child process 7772 exited successfully.
[Wed Feb 08 14:49:11.637945 2017] [mpm_winnt:notice] [pid 7436:tid 352] AH00455: Apache/2.4.7 (Win32) PHP/5.5.8 configured -- resuming normal operations
[Wed Feb 08 14:49:11.642944 2017] [mpm_winnt:notice] [pid 7436:tid 352] AH00456: Apache Lounge VC11 Server built: Nov 21 2013 20:13:01
[Wed Feb 08 14:49:11.643944 2017] [core:notice] [pid 7436:tid 352] AH00094: Command line: 'K:\\INF\\MAITRE~1\\ENSEIG~1\\MODULE~3\\105-SQ~1\\d-Outils\\EASYPH~1.1VC\\binaries\\apache\\bin\\eds-httpd.exe -d K:/INF/Maitres-Eleves/Enseignement/ModulesICT_NewOrdo/105-SQLTraiterDB/d-Outils/EasyPHP-DevServer-14.1VC11-Portable/binaries/apache'
[Wed Feb 08 14:49:11.657943 2017] [mpm_winnt:notice] [pid 7436:tid 352] AH00418: Parent: Created child process 6264
[Wed Feb 08 14:49:12.048904 2017] [mpm_winnt:notice] [pid 6264:tid 372] AH00354: Child: Starting 64 worker threads.
[Wed Feb 08 14:49:25.564990 2017] [mpm_winnt:notice] [pid 7436:tid 352] AH00422: Parent: Received shutdown signal -- Shutting down the server.
[Wed Feb 08 14:49:28.468570 2017] [mpm_winnt:notice] [pid 6264:tid 372] AH00364: Child: All worker threads have exited.
[Wed Feb 08 14:49:28.511565 2017] [mpm_winnt:notice] [pid 7436:tid 352] AH00430: Parent: Child process 6264 exited successfully.
[Tue Aug 22 15:05:34.085157 2017] [mpm_winnt:notice] [pid 8912:tid 352] AH00455: Apache/2.4.7 (Win32) PHP/5.5.8 configured -- resuming normal operations
[Tue Aug 22 15:05:34.100757 2017] [mpm_winnt:notice] [pid 8912:tid 352] AH00456: Apache Lounge VC11 Server built: Nov 21 2013 20:13:01
[Tue Aug 22 15:05:34.100757 2017] [core:notice] [pid 8912:tid 352] AH00094: Command line: 'H:\\EasyPHP-DevServer-14.1VC11-Portable\\binaries\\apache\\bin\\eds-httpd.exe -d H:/EasyPHP-DevServer-14.1VC11-Portable/binaries/apache'
[Tue Aug 22 15:05:34.131956 2017] [mpm_winnt:notice] [pid 8912:tid 352] AH00418: Parent: Created child process 1256
[Tue Aug 22 15:05:34.459552 2017] [mpm_winnt:notice] [pid 1256:tid 364] AH00354: Child: Starting 64 worker threads.
[Tue Aug 22 15:08:52.826713 2017] [mpm_winnt:notice] [pid 8912:tid 352] AH00422: Parent: Received shutdown signal -- Shutting down the server.
[Tue Aug 22 15:08:54.854700 2017] [mpm_winnt:notice] [pid 1256:tid 364] AH00364: Child: All worker threads have exited.
[Tue Aug 22 15:08:54.932700 2017] [mpm_winnt:notice] [pid 8912:tid 352] AH00430: Parent: Child process 1256 exited successfully.
[Tue Aug 22 15:08:58.973074 2017] [mpm_winnt:notice] [pid 8072:tid 352] AH00455: Apache/2.4.7 (Win32) PHP/5.5.8 configured -- resuming normal operations
[Tue Aug 22 15:08:58.973074 2017] [mpm_winnt:notice] [pid 8072:tid 352] AH00456: Apache Lounge VC11 Server built: Nov 21 2013 20:13:01
[Tue Aug 22 15:08:58.973074 2017] [core:notice] [pid 8072:tid 352] AH00094: Command line: 'H:\\EasyPHP-DevServer-14.1VC11-Portable\\binaries\\apache\\bin\\eds-httpd.exe -d H:/EasyPHP-DevServer-14.1VC11-Portable/binaries/apache'
[Tue Aug 22 15:08:58.988674 2017] [mpm_winnt:notice] [pid 8072:tid 352] AH00418: Parent: Created child process 8148
[Tue Aug 22 15:08:59.300672 2017] [mpm_winnt:notice] [pid 8148:tid 364] AH00354: Child: Starting 64 worker threads.
[Tue Aug 22 15:10:35.083770 2017] [mpm_winnt:notice] [pid 8072:tid 352] AH00424: Parent: Received restart signal -- Restarting the server.
[Tue Aug 22 15:10:35.161767 2017] [mpm_winnt:notice] [pid 8072:tid 352] AH00455: Apache/2.4.7 (Win32) PHP/5.5.8 configured -- resuming normal operations
[Tue Aug 22 15:10:35.161767 2017] [mpm_winnt:notice] [pid 8072:tid 352] AH00456: Apache Lounge VC11 Server built: Nov 21 2013 20:13:01
[Tue Aug 22 15:10:35.161767 2017] [core:notice] [pid 8072:tid 352] AH00094: Command line: 'H:\\EasyPHP-DevServer-14.1VC11-Portable\\binaries\\apache\\bin\\eds-httpd.exe -d H:/EasyPHP-DevServer-14.1VC11-Portable/binaries/apache'
[Tue Aug 22 15:10:35.177366 2017] [mpm_winnt:notice] [pid 8072:tid 352] AH00418: Parent: Created child process 8688
[Tue Aug 22 15:10:36.097731 2017] [mpm_winnt:notice] [pid 8688:tid 360] AH00354: Child: Starting 64 worker threads.
[Tue Aug 22 15:10:36.113330 2017] [mpm_winnt:warn] [pid 8688:tid 872] (OS 64)Le nom réseau spécifié n’est plus disponible.  : AH00341: winnt_accept: Asynchronous AcceptEx failed.
[Tue Aug 22 15:10:36.113330 2017] [mpm_winnt:warn] [pid 8688:tid 872] (OS 64)Le nom réseau spécifié n’est plus disponible.  : AH00341: winnt_accept: Asynchronous AcceptEx failed.
[Tue Aug 22 15:10:37.111692 2017] [mpm_winnt:notice] [pid 8148:tid 364] AH00364: Child: All worker threads have exited.
[Tue Aug 22 15:10:44.287416 2017] [mpm_winnt:notice] [pid 8072:tid 352] AH00424: Parent: Received restart signal -- Restarting the server.
[Tue Aug 22 15:10:44.334214 2017] [mpm_winnt:notice] [pid 8072:tid 352] AH00455: Apache/2.4.7 (Win32) PHP/5.5.8 configured -- resuming normal operations
[Tue Aug 22 15:10:44.334214 2017] [mpm_winnt:notice] [pid 8072:tid 352] AH00456: Apache Lounge VC11 Server built: Nov 21 2013 20:13:01
[Tue Aug 22 15:10:44.334214 2017] [core:notice] [pid 8072:tid 352] AH00094: Command line: 'H:\\EasyPHP-DevServer-14.1VC11-Portable\\binaries\\apache\\bin\\eds-httpd.exe -d H:/EasyPHP-DevServer-14.1VC11-Portable/binaries/apache'
[Tue Aug 22 15:10:44.349813 2017] [mpm_winnt:notice] [pid 8072:tid 352] AH00418: Parent: Created child process 6524
[Tue Aug 22 15:10:45.301377 2017] [mpm_winnt:notice] [pid 6524:tid 360] AH00354: Child: Starting 64 worker threads.
[Tue Aug 22 15:10:46.315338 2017] [mpm_winnt:notice] [pid 8688:tid 360] AH00364: Child: All worker threads have exited.
[Tue Aug 22 15:11:35.297454 2017] [mpm_winnt:notice] [pid 8072:tid 352] AH00424: Parent: Received restart signal -- Restarting the server.
[Tue Aug 22 15:11:35.375451 2017] [mpm_winnt:notice] [pid 8072:tid 352] AH00455: Apache/2.4.7 (Win32) PHP/5.5.8 configured -- resuming normal operations
[Tue Aug 22 15:11:35.375451 2017] [mpm_winnt:notice] [pid 8072:tid 352] AH00456: Apache Lounge VC11 Server built: Nov 21 2013 20:13:01
[Tue Aug 22 15:11:35.375451 2017] [core:notice] [pid 8072:tid 352] AH00094: Command line: 'H:\\EasyPHP-DevServer-14.1VC11-Portable\\binaries\\apache\\bin\\eds-httpd.exe -d H:/EasyPHP-DevServer-14.1VC11-Portable/binaries/apache'
[Tue Aug 22 15:11:35.375451 2017] [mpm_winnt:notice] [pid 8072:tid 352] AH00418: Parent: Created child process 5504
[Tue Aug 22 15:11:36.311415 2017] [mpm_winnt:notice] [pid 5504:tid 364] AH00354: Child: Starting 64 worker threads.
[Tue Aug 22 15:11:37.325376 2017] [mpm_winnt:notice] [pid 6524:tid 360] AH00364: Child: All worker threads have exited.
[Tue Aug 22 15:14:01.853817 2017] [mpm_winnt:notice] [pid 8072:tid 352] AH00424: Parent: Received restart signal -- Restarting the server.
[Tue Aug 22 15:14:02.103407 2017] [mpm_winnt:notice] [pid 8072:tid 352] AH00455: Apache/2.4.7 (Win32) PHP/5.5.8 configured -- resuming normal operations
[Tue Aug 22 15:14:02.103407 2017] [mpm_winnt:notice] [pid 8072:tid 352] AH00456: Apache Lounge VC11 Server built: Nov 21 2013 20:13:01
[Tue Aug 22 15:14:02.103407 2017] [core:notice] [pid 8072:tid 352] AH00094: Command line: 'H:\\EasyPHP-DevServer-14.1VC11-Portable\\binaries\\apache\\bin\\eds-httpd.exe -d H:/EasyPHP-DevServer-14.1VC11-Portable/binaries/apache'
[Tue Aug 22 15:14:02.103407 2017] [mpm_winnt:notice] [pid 8072:tid 352] AH00418: Parent: Created child process 6656
[Tue Aug 22 15:14:02.867778 2017] [mpm_winnt:notice] [pid 6656:tid 360] AH00354: Child: Starting 64 worker threads.
[Tue Aug 22 15:14:02.883377 2017] [mpm_winnt:warn] [pid 6656:tid 920] (OS 64)Le nom réseau spécifié n’est plus disponible.  : AH00341: winnt_accept: Asynchronous AcceptEx failed.
[Tue Aug 22 15:14:02.883377 2017] [mpm_winnt:warn] [pid 6656:tid 920] (OS 64)Le nom réseau spécifié n’est plus disponible.  : AH00341: winnt_accept: Asynchronous AcceptEx failed.
[Tue Aug 22 15:14:03.881739 2017] [mpm_winnt:notice] [pid 5504:tid 364] AH00364: Child: All worker threads have exited.
[Tue Aug 22 15:20:37.039627 2017] [mpm_winnt:notice] [pid 8072:tid 352] AH00424: Parent: Received restart signal -- Restarting the server.
[Tue Aug 22 15:20:37.289223 2017] [mpm_winnt:notice] [pid 8072:tid 352] AH00455: Apache/2.4.7 (Win32) PHP/5.5.8 configured -- resuming normal operations
[Tue Aug 22 15:20:37.304823 2017] [mpm_winnt:notice] [pid 8072:tid 352] AH00456: Apache Lounge VC11 Server built: Nov 21 2013 20:13:01
[Tue Aug 22 15:20:37.304823 2017] [core:notice] [pid 8072:tid 352] AH00094: Command line: 'H:\\EasyPHP-DevServer-14.1VC11-Portable\\binaries\\apache\\bin\\eds-httpd.exe -d H:/EasyPHP-DevServer-14.1VC11-Portable/binaries/apache'
[Tue Aug 22 15:20:37.304823 2017] [mpm_winnt:notice] [pid 8072:tid 352] AH00418: Parent: Created child process 5296
[Tue Aug 22 15:20:38.053614 2017] [mpm_winnt:notice] [pid 5296:tid 364] AH00354: Child: Starting 64 worker threads.
[Tue Aug 22 15:20:39.067601 2017] [mpm_winnt:notice] [pid 6656:tid 360] AH00364: Child: All worker threads have exited.
[Tue Aug 22 15:21:15.040739 2017] [mpm_winnt:notice] [pid 8072:tid 352] AH00422: Parent: Received shutdown signal -- Shutting down the server.
[Tue Aug 22 15:21:17.068713 2017] [mpm_winnt:notice] [pid 5296:tid 364] AH00364: Child: All worker threads have exited.
[Tue Aug 22 15:21:17.099913 2017] [mpm_winnt:notice] [pid 8072:tid 352] AH00430: Parent: Child process 5296 exited successfully.
[Tue Aug 22 15:23:26.919119 2017] [mpm_winnt:notice] [pid 1740:tid 352] AH00455: Apache/2.4.7 (Win32) PHP/5.5.8 configured -- resuming normal operations
[Tue Aug 22 15:23:26.934719 2017] [mpm_winnt:notice] [pid 1740:tid 352] AH00456: Apache Lounge VC11 Server built: Nov 21 2013 20:13:01
[Tue Aug 22 15:23:26.934719 2017] [core:notice] [pid 1740:tid 352] AH00094: Command line: 'H:\\EasyPHP-DevServer-14.1VC11-Portable\\binaries\\apache\\bin\\eds-httpd.exe -d H:/EasyPHP-DevServer-14.1VC11-Portable/binaries/apache'
[Tue Aug 22 15:23:26.965919 2017] [mpm_winnt:notice] [pid 1740:tid 352] AH00418: Parent: Created child process 7768
[Tue Aug 22 15:23:27.340314 2017] [mpm_winnt:notice] [pid 7768:tid 364] AH00354: Child: Starting 64 worker threads.
[Tue Aug 22 15:23:30.663071 2017] [mpm_winnt:notice] [pid 1740:tid 352] AH00422: Parent: Received shutdown signal -- Shutting down the server.
[Tue Aug 22 15:23:32.691045 2017] [mpm_winnt:notice] [pid 7768:tid 364] AH00364: Child: All worker threads have exited.
[Tue Aug 22 15:23:32.722245 2017] [mpm_winnt:notice] [pid 1740:tid 352] AH00430: Parent: Child process 7768 exited successfully.
[Tue Aug 22 15:28:16.856647 2017] [mpm_winnt:notice] [pid 7536:tid 352] AH00455: Apache/2.4.7 (Win32) PHP/5.5.8 configured -- resuming normal operations
[Tue Aug 22 15:28:16.856647 2017] [mpm_winnt:notice] [pid 7536:tid 352] AH00456: Apache Lounge VC11 Server built: Nov 21 2013 20:13:01
[Tue Aug 22 15:28:16.856647 2017] [core:notice] [pid 7536:tid 352] AH00094: Command line: 'H:\\EasyPHP-DevServer-14.1VC11-Portable\\binaries\\apache\\bin\\eds-httpd.exe -d H:/EasyPHP-DevServer-14.1VC11-Portable/binaries/apache'
[Tue Aug 22 15:28:16.872246 2017] [mpm_winnt:notice] [pid 7536:tid 352] AH00418: Parent: Created child process 8184
[Tue Aug 22 15:28:17.184230 2017] [mpm_winnt:notice] [pid 8184:tid 364] AH00354: Child: Starting 64 worker threads.
[Tue Aug 22 15:28:44.389235 2017] [mpm_winnt:notice] [pid 7536:tid 352] AH00424: Parent: Received restart signal -- Restarting the server.
[Tue Aug 22 15:28:44.482830 2017] [mpm_winnt:notice] [pid 7536:tid 352] AH00455: Apache/2.4.7 (Win32) PHP/5.5.8 configured -- resuming normal operations
[Tue Aug 22 15:28:44.482830 2017] [mpm_winnt:notice] [pid 7536:tid 352] AH00456: Apache Lounge VC11 Server built: Nov 21 2013 20:13:01
[Tue Aug 22 15:28:44.482830 2017] [core:notice] [pid 7536:tid 352] AH00094: Command line: 'H:\\EasyPHP-DevServer-14.1VC11-Portable\\binaries\\apache\\bin\\eds-httpd.exe -d H:/EasyPHP-DevServer-14.1VC11-Portable/binaries/apache'
[Tue Aug 22 15:28:44.498430 2017] [mpm_winnt:notice] [pid 7536:tid 352] AH00418: Parent: Created child process 7708
[Tue Aug 22 15:28:45.403183 2017] [mpm_winnt:notice] [pid 7708:tid 360] AH00354: Child: Starting 64 worker threads.
[Tue Aug 22 15:28:46.417131 2017] [mpm_winnt:notice] [pid 8184:tid 364] AH00364: Child: All worker threads have exited.
[Tue Aug 22 15:29:10.174713 2017] [mpm_winnt:notice] [pid 7536:tid 352] AH00424: Parent: Received restart signal -- Restarting the server.
[Tue Aug 22 15:29:10.252709 2017] [mpm_winnt:notice] [pid 7536:tid 352] AH00455: Apache/2.4.7 (Win32) PHP/5.5.8 configured -- resuming normal operations
[Tue Aug 22 15:29:10.252709 2017] [mpm_winnt:notice] [pid 7536:tid 352] AH00456: Apache Lounge VC11 Server built: Nov 21 2013 20:13:01
[Tue Aug 22 15:29:10.252709 2017] [core:notice] [pid 7536:tid 352] AH00094: Command line: 'H:\\EasyPHP-DevServer-14.1VC11-Portable\\binaries\\apache\\bin\\eds-httpd.exe -d H:/EasyPHP-DevServer-14.1VC11-Portable/binaries/apache'
[Tue Aug 22 15:29:10.268308 2017] [mpm_winnt:notice] [pid 7536:tid 352] AH00418: Parent: Created child process 8600
[Tue Aug 22 15:29:11.188661 2017] [mpm_winnt:notice] [pid 8600:tid 360] AH00354: Child: Starting 64 worker threads.
[Tue Aug 22 15:29:12.202609 2017] [mpm_winnt:notice] [pid 7708:tid 360] AH00364: Child: All worker threads have exited.
[Tue Aug 22 15:29:22.872462 2017] [mpm_winnt:notice] [pid 7536:tid 352] AH00424: Parent: Received restart signal -- Restarting the server.
[Tue Aug 22 15:29:22.934858 2017] [mpm_winnt:notice] [pid 7536:tid 352] AH00455: Apache/2.4.7 (Win32) PHP/5.5.8 configured -- resuming normal operations
[Tue Aug 22 15:29:22.934858 2017] [mpm_winnt:notice] [pid 7536:tid 352] AH00456: Apache Lounge VC11 Server built: Nov 21 2013 20:13:01
[Tue Aug 22 15:29:22.934858 2017] [core:notice] [pid 7536:tid 352] AH00094: Command line: 'H:\\EasyPHP-DevServer-14.1VC11-Portable\\binaries\\apache\\bin\\eds-httpd.exe -d H:/EasyPHP-DevServer-14.1VC11-Portable/binaries/apache'
[Tue Aug 22 15:29:22.950458 2017] [mpm_winnt:notice] [pid 7536:tid 352] AH00418: Parent: Created child process 5296
[Tue Aug 22 15:29:23.886410 2017] [mpm_winnt:notice] [pid 5296:tid 364] AH00354: Child: Starting 64 worker threads.
[Tue Aug 22 15:29:24.900358 2017] [mpm_winnt:notice] [pid 8600:tid 360] AH00364: Child: All worker threads have exited.
[Tue Aug 22 16:02:07.151434 2017] [mpm_winnt:notice] [pid 7536:tid 352] AH00424: Parent: Received restart signal -- Restarting the server.
[Tue Aug 22 16:02:07.401025 2017] [mpm_winnt:notice] [pid 7536:tid 352] AH00455: Apache/2.4.7 (Win32) PHP/5.5.8 configured -- resuming normal operations
[Tue Aug 22 16:02:07.401025 2017] [mpm_winnt:notice] [pid 7536:tid 352] AH00456: Apache Lounge VC11 Server built: Nov 21 2013 20:13:01
[Tue Aug 22 16:02:07.401025 2017] [core:notice] [pid 7536:tid 352] AH00094: Command line: 'H:\\EasyPHP-DevServer-14.1VC11-Portable\\binaries\\apache\\bin\\eds-httpd.exe -d H:/EasyPHP-DevServer-14.1VC11-Portable/binaries/apache'
[Tue Aug 22 16:02:07.401025 2017] [mpm_winnt:notice] [pid 7536:tid 352] AH00418: Parent: Created child process 8968
[Tue Aug 22 16:02:08.165395 2017] [mpm_winnt:notice] [pid 8968:tid 360] AH00354: Child: Starting 64 worker threads.
[Tue Aug 22 16:02:09.179356 2017] [mpm_winnt:notice] [pid 5296:tid 364] AH00364: Child: All worker threads have exited.
[Tue Aug 22 16:02:25.699121 2017] [mpm_winnt:notice] [pid 7536:tid 352] AH00424: Parent: Received restart signal -- Restarting the server.
[Tue Aug 22 16:02:25.777118 2017] [mpm_winnt:notice] [pid 7536:tid 352] AH00455: Apache/2.4.7 (Win32) PHP/5.5.8 configured -- resuming normal operations
[Tue Aug 22 16:02:25.777118 2017] [mpm_winnt:notice] [pid 7536:tid 352] AH00456: Apache Lounge VC11 Server built: Nov 21 2013 20:13:01
[Tue Aug 22 16:02:25.777118 2017] [core:notice] [pid 7536:tid 352] AH00094: Command line: 'H:\\EasyPHP-DevServer-14.1VC11-Portable\\binaries\\apache\\bin\\eds-httpd.exe -d H:/EasyPHP-DevServer-14.1VC11-Portable/binaries/apache'
[Tue Aug 22 16:02:25.777118 2017] [mpm_winnt:notice] [pid 7536:tid 352] AH00418: Parent: Created child process 5028
[Tue Aug 22 16:02:26.713082 2017] [mpm_winnt:notice] [pid 5028:tid 364] AH00354: Child: Starting 64 worker threads.
[Tue Aug 22 16:02:27.727043 2017] [mpm_winnt:notice] [pid 8968:tid 360] AH00364: Child: All worker threads have exited.
[Tue Aug 22 16:30:29.280173 2017] [mpm_winnt:notice] [pid 7536:tid 352] AH00424: Parent: Received restart signal -- Restarting the server.
[Tue Aug 22 16:30:29.529771 2017] [mpm_winnt:notice] [pid 7536:tid 352] AH00455: Apache/2.4.7 (Win32) PHP/5.5.8 configured -- resuming normal operations
[Tue Aug 22 16:30:29.529771 2017] [mpm_winnt:notice] [pid 7536:tid 352] AH00456: Apache Lounge VC11 Server built: Nov 21 2013 20:13:01
[Tue Aug 22 16:30:29.529771 2017] [core:notice] [pid 7536:tid 352] AH00094: Command line: 'H:\\EasyPHP-DevServer-14.1VC11-Portable\\binaries\\apache\\bin\\eds-httpd.exe -d H:/EasyPHP-DevServer-14.1VC11-Portable/binaries/apache'
[Tue Aug 22 16:30:29.545371 2017] [mpm_winnt:notice] [pid 7536:tid 352] AH00418: Parent: Created child process 512
[Tue Aug 22 16:30:30.294166 2017] [mpm_winnt:notice] [pid 512:tid 360] AH00354: Child: Starting 64 worker threads.
[Tue Aug 22 16:30:31.308160 2017] [mpm_winnt:notice] [pid 5028:tid 364] AH00364: Child: All worker threads have exited.
[Tue Aug 29 13:33:41.539960 2017] [core:warn] [pid 7812:tid 272] AH00098: pid file C:/Users/desgaliemi/Desktop/EasyPHP-DevServer-14.1VC11-Portable/binaries/apache/logs/httpd.pid overwritten -- Unclean shutdown of previous Apache run?
[Tue Aug 29 13:33:41.727153 2017] [mpm_winnt:notice] [pid 7812:tid 272] AH00455: Apache/2.4.7 (Win32) PHP/5.5.8 configured -- resuming normal operations
[Tue Aug 29 13:33:41.727153 2017] [mpm_winnt:notice] [pid 7812:tid 272] AH00456: Apache Lounge VC11 Server built: Nov 21 2013 20:13:01
[Tue Aug 29 13:33:41.727153 2017] [core:notice] [pid 7812:tid 272] AH00094: Command line: 'C:\\Users\\DESGAL~1\\Desktop\\EASYPH~1.1VC\\binaries\\apache\\bin\\eds-httpd.exe -d C:/Users/desgaliemi/Desktop/EasyPHP-DevServer-14.1VC11-Portable/binaries/apache'
[Tue Aug 29 13:33:41.742753 2017] [mpm_winnt:notice] [pid 7812:tid 272] AH00418: Parent: Created child process 6248
[Tue Aug 29 13:33:42.460325 2017] [mpm_winnt:notice] [pid 6248:tid 364] AH00354: Child: Starting 64 worker threads.
[Tue Aug 29 15:19:10.802199 2017] [core:warn] [pid 7628:tid 272] AH00098: pid file F:/EasyPHP-DevServer-14.1VC11-Portable/binaries/apache/logs/httpd.pid overwritten -- Unclean shutdown of previous Apache run?
[Tue Aug 29 15:19:10.817799 2017] [mpm_winnt:notice] [pid 7628:tid 272] AH00455: Apache/2.4.7 (Win32) PHP/5.5.8 configured -- resuming normal operations
[Tue Aug 29 15:19:10.817799 2017] [mpm_winnt:notice] [pid 7628:tid 272] AH00456: Apache Lounge VC11 Server built: Nov 21 2013 20:13:01
[Tue Aug 29 15:19:10.817799 2017] [core:notice] [pid 7628:tid 272] AH00094: Command line: 'F:\\EASYPH~1.1VC\\binaries\\apache\\bin\\eds-httpd.exe -d F:/EasyPHP-DevServer-14.1VC11-Portable/binaries/apache'
[Tue Aug 29 15:19:10.817799 2017] [mpm_winnt:notice] [pid 7628:tid 272] AH00418: Parent: Created child process 1644
[Tue Aug 29 15:19:11.082999 2017] [mpm_winnt:notice] [pid 1644:tid 364] AH00354: Child: Starting 64 worker threads.
[Tue Aug 29 15:19:47.040999 2017] [mpm_winnt:notice] [pid 7628:tid 272] AH00424: Parent: Received restart signal -- Restarting the server.
[Tue Aug 29 15:19:47.072199 2017] [mpm_winnt:notice] [pid 7628:tid 272] AH00455: Apache/2.4.7 (Win32) PHP/5.5.8 configured -- resuming normal operations
[Tue Aug 29 15:19:47.072199 2017] [mpm_winnt:notice] [pid 7628:tid 272] AH00456: Apache Lounge VC11 Server built: Nov 21 2013 20:13:01
[Tue Aug 29 15:19:47.072199 2017] [core:notice] [pid 7628:tid 272] AH00094: Command line: 'F:\\EASYPH~1.1VC\\binaries\\apache\\bin\\eds-httpd.exe -d F:/EasyPHP-DevServer-14.1VC11-Portable/binaries/apache'
[Tue Aug 29 15:19:47.087799 2017] [mpm_winnt:notice] [pid 7628:tid 272] AH00418: Parent: Created child process 7944
[Tue Aug 29 15:19:48.054999 2017] [mpm_winnt:notice] [pid 7944:tid 360] AH00354: Child: Starting 64 worker threads.
[Tue Aug 29 15:19:49.068999 2017] [mpm_winnt:notice] [pid 1644:tid 364] AH00364: Child: All worker threads have exited.
[Tue Aug 29 16:24:50.927631 2017] [mpm_winnt:notice] [pid 7628:tid 272] AH00424: Parent: Received restart signal -- Restarting the server.
[Tue Aug 29 16:24:50.959634 2017] [mpm_winnt:notice] [pid 7628:tid 272] AH00455: Apache/2.4.7 (Win32) PHP/5.5.8 configured -- resuming normal operations
[Tue Aug 29 16:24:50.959634 2017] [mpm_winnt:notice] [pid 7628:tid 272] AH00456: Apache Lounge VC11 Server built: Nov 21 2013 20:13:01
[Tue Aug 29 16:24:50.959634 2017] [core:notice] [pid 7628:tid 272] AH00094: Command line: 'F:\\EASYPH~1.1VC\\binaries\\apache\\bin\\eds-httpd.exe -d F:/EasyPHP-DevServer-14.1VC11-Portable/binaries/apache'
[Tue Aug 29 16:24:50.965635 2017] [mpm_winnt:notice] [pid 7628:tid 272] AH00418: Parent: Created child process 8116
[Tue Aug 29 16:24:51.927731 2017] [mpm_winnt:notice] [pid 8116:tid 360] AH00354: Child: Starting 64 worker threads.
[Tue Aug 29 16:24:51.928731 2017] [mpm_winnt:warn] [pid 8116:tid 440] (OS 64)Le nom réseau spécifié n’est plus disponible.  : AH00341: winnt_accept: Asynchronous AcceptEx failed.
[Tue Aug 29 16:24:52.927831 2017] [mpm_winnt:notice] [pid 7944:tid 360] AH00364: Child: All worker threads have exited.
[Tue Aug 29 17:10:20.063554 2017] [mpm_winnt:notice] [pid 7628:tid 272] AH00424: Parent: Received restart signal -- Restarting the server.
[Tue Aug 29 17:10:20.094754 2017] [mpm_winnt:notice] [pid 7628:tid 272] AH00455: Apache/2.4.7 (Win32) PHP/5.5.8 configured -- resuming normal operations
[Tue Aug 29 17:10:20.094754 2017] [mpm_winnt:notice] [pid 7628:tid 272] AH00456: Apache Lounge VC11 Server built: Nov 21 2013 20:13:01
[Tue Aug 29 17:10:20.094754 2017] [core:notice] [pid 7628:tid 272] AH00094: Command line: 'F:\\EASYPH~1.1VC\\binaries\\apache\\bin\\eds-httpd.exe -d F:/EasyPHP-DevServer-14.1VC11-Portable/binaries/apache'
[Tue Aug 29 17:10:20.110353 2017] [mpm_winnt:notice] [pid 7628:tid 272] AH00418: Parent: Created child process 4912
[Tue Aug 29 17:10:21.077528 2017] [mpm_winnt:notice] [pid 4912:tid 364] AH00354: Child: Starting 64 worker threads.
[Tue Aug 29 17:10:22.091502 2017] [mpm_winnt:notice] [pid 8116:tid 360] AH00364: Child: All worker threads have exited.
[Tue Sep 05 13:23:42.536500 2017] [core:warn] [pid 3900:tid 272] AH00098: pid file F:/EasyPHP-DevServer-14.1VC11-Portable/binaries/apache/logs/httpd.pid overwritten -- Unclean shutdown of previous Apache run?
[Tue Sep 05 13:23:42.723733 2017] [mpm_winnt:notice] [pid 3900:tid 272] AH00455: Apache/2.4.7 (Win32) PHP/5.5.8 configured -- resuming normal operations
[Tue Sep 05 13:23:42.723733 2017] [mpm_winnt:notice] [pid 3900:tid 272] AH00456: Apache Lounge VC11 Server built: Nov 21 2013 20:13:01
[Tue Sep 05 13:23:42.723733 2017] [core:notice] [pid 3900:tid 272] AH00094: Command line: 'F:\\EASYPH~1.1VC\\binaries\\apache\\bin\\eds-httpd.exe -d F:/EasyPHP-DevServer-14.1VC11-Portable/binaries/apache'
[Tue Sep 05 13:23:42.739336 2017] [mpm_winnt:notice] [pid 3900:tid 272] AH00418: Parent: Created child process 2876
[Tue Sep 05 13:23:43.113803 2017] [mpm_winnt:notice] [pid 2876:tid 364] AH00354: Child: Starting 64 worker threads.
[Tue Sep 05 13:23:59.512346 2017] [mpm_winnt:notice] [pid 3900:tid 272] AH00424: Parent: Received restart signal -- Restarting the server.
[Tue Sep 05 13:23:59.637168 2017] [mpm_winnt:notice] [pid 3900:tid 272] AH00455: Apache/2.4.7 (Win32) PHP/5.5.8 configured -- resuming normal operations
[Tue Sep 05 13:23:59.637168 2017] [mpm_winnt:notice] [pid 3900:tid 272] AH00456: Apache Lounge VC11 Server built: Nov 21 2013 20:13:01
[Tue Sep 05 13:23:59.637168 2017] [core:notice] [pid 3900:tid 272] AH00094: Command line: 'F:\\EASYPH~1.1VC\\binaries\\apache\\bin\\eds-httpd.exe -d F:/EasyPHP-DevServer-14.1VC11-Portable/binaries/apache'
[Tue Sep 05 13:23:59.637168 2017] [mpm_winnt:notice] [pid 3900:tid 272] AH00418: Parent: Created child process 3456
[Tue Sep 05 13:24:00.526528 2017] [mpm_winnt:notice] [pid 3456:tid 360] AH00354: Child: Starting 64 worker threads.
[Tue Sep 05 13:24:01.540710 2017] [mpm_winnt:notice] [pid 2876:tid 364] AH00364: Child: All worker threads have exited.
[Tue Sep 05 13:26:33.890892 2017] [core:warn] [pid 4956:tid 272] AH00098: pid file D:/DATA/EasyPHP-DevServer-14.1VC11-Portable/binaries/apache/logs/httpd.pid overwritten -- Unclean shutdown of previous Apache run?
[Tue Sep 05 13:26:33.922092 2017] [mpm_winnt:notice] [pid 4956:tid 272] AH00455: Apache/2.4.7 (Win32) PHP/5.5.8 configured -- resuming normal operations
[Tue Sep 05 13:26:33.922092 2017] [mpm_winnt:notice] [pid 4956:tid 272] AH00456: Apache Lounge VC11 Server built: Nov 21 2013 20:13:01
[Tue Sep 05 13:26:33.922092 2017] [core:notice] [pid 4956:tid 272] AH00094: Command line: 'D:\\DATA\\EASYPH~1.1VC\\binaries\\apache\\bin\\eds-httpd.exe -d D:/DATA/EasyPHP-DevServer-14.1VC11-Portable/binaries/apache'
[Tue Sep 05 13:26:33.937692 2017] [mpm_winnt:notice] [pid 4956:tid 272] AH00418: Parent: Created child process 2712
[Tue Sep 05 13:26:34.249692 2017] [mpm_winnt:notice] [pid 2712:tid 364] AH00354: Child: Starting 64 worker threads.
[Tue Sep 05 15:04:12.358431 2017] [core:warn] [pid 4276:tid 272] AH00098: pid file D:/DATA/EasyPHP-DevServer-14.1VC11-Portable/binaries/apache/logs/httpd.pid overwritten -- Unclean shutdown of previous Apache run?
[Tue Sep 05 15:04:12.873745 2017] [mpm_winnt:notice] [pid 4276:tid 272] AH00455: Apache/2.4.7 (Win32) PHP/5.5.8 configured -- resuming normal operations
[Tue Sep 05 15:04:12.873745 2017] [mpm_winnt:notice] [pid 4276:tid 272] AH00456: Apache Lounge VC11 Server built: Nov 21 2013 20:13:01
[Tue Sep 05 15:04:12.873745 2017] [core:notice] [pid 4276:tid 272] AH00094: Command line: 'D:\\DATA\\EASYPH~1.1VC\\binaries\\apache\\bin\\eds-httpd.exe -d D:/DATA/EasyPHP-DevServer-14.1VC11-Portable/binaries/apache'
[Tue Sep 05 15:04:12.889361 2017] [mpm_winnt:notice] [pid 4276:tid 272] AH00418: Parent: Created child process 6172
[Tue Sep 05 15:04:13.264135 2017] [mpm_winnt:notice] [pid 6172:tid 364] AH00354: Child: Starting 64 worker threads.
[Tue Sep 05 15:54:14.726840 2017] [mpm_winnt:notice] [pid 4276:tid 272] AH00424: Parent: Received restart signal -- Restarting the server.
[Tue Sep 05 15:54:14.789240 2017] [mpm_winnt:notice] [pid 4276:tid 272] AH00455: Apache/2.4.7 (Win32) PHP/5.5.8 configured -- resuming normal operations
[Tue Sep 05 15:54:14.789240 2017] [mpm_winnt:notice] [pid 4276:tid 272] AH00456: Apache Lounge VC11 Server built: Nov 21 2013 20:13:01
[Tue Sep 05 15:54:14.789240 2017] [core:notice] [pid 4276:tid 272] AH00094: Command line: 'D:\\DATA\\EASYPH~1.1VC\\binaries\\apache\\bin\\eds-httpd.exe -d D:/DATA/EasyPHP-DevServer-14.1VC11-Portable/binaries/apache'
[Tue Sep 05 15:54:14.789240 2017] [mpm_winnt:notice] [pid 4276:tid 272] AH00418: Parent: Created child process 5852
[Tue Sep 05 15:54:15.740840 2017] [mpm_winnt:notice] [pid 5852:tid 360] AH00354: Child: Starting 64 worker threads.
[Tue Sep 05 15:54:16.754840 2017] [mpm_winnt:notice] [pid 6172:tid 364] AH00364: Child: All worker threads have exited.
[Tue Sep 05 17:15:33.257258 2017] [core:warn] [pid 6724:tid 272] AH00098: pid file D:/DATA/EasyPHP-DevServer-14.1VC11-Portable/binaries/apache/logs/httpd.pid overwritten -- Unclean shutdown of previous Apache run?
[Tue Sep 05 17:15:33.366494 2017] [mpm_winnt:notice] [pid 6724:tid 272] AH00455: Apache/2.4.7 (Win32) PHP/5.5.8 configured -- resuming normal operations
[Tue Sep 05 17:15:33.366494 2017] [mpm_winnt:notice] [pid 6724:tid 272] AH00456: Apache Lounge VC11 Server built: Nov 21 2013 20:13:01
[Tue Sep 05 17:15:33.366494 2017] [core:notice] [pid 6724:tid 272] AH00094: Command line: 'D:\\DATA\\EASYPH~1.1VC\\binaries\\apache\\bin\\eds-httpd.exe -d D:/DATA/EasyPHP-DevServer-14.1VC11-Portable/binaries/apache'
[Tue Sep 05 17:15:33.382100 2017] [mpm_winnt:notice] [pid 6724:tid 272] AH00418: Parent: Created child process 7076
[Tue Sep 05 17:15:34.302806 2017] [mpm_winnt:notice] [pid 7076:tid 364] AH00354: Child: Starting 64 worker threads.
[Tue Sep 05 17:19:26.937591 2017] [mpm_winnt:notice] [pid 6724:tid 272] AH00428: Parent: child process 7076 exited with status 1073807364 -- Restarting.
[Tue Sep 19 13:18:26.398220 2017] [core:warn] [pid 5116:tid 292] AH00098: pid file D:/DATA/EasyPHP-DevServer-14.1VC11-Portable/binaries/apache/logs/httpd.pid overwritten -- Unclean shutdown of previous Apache run?
[Tue Sep 19 13:18:27.037595 2017] [mpm_winnt:notice] [pid 5116:tid 292] AH00455: Apache/2.4.7 (Win32) PHP/5.5.8 configured -- resuming normal operations
[Tue Sep 19 13:18:27.037595 2017] [mpm_winnt:notice] [pid 5116:tid 292] AH00456: Apache Lounge VC11 Server built: Nov 21 2013 20:13:01
[Tue Sep 19 13:18:27.037595 2017] [core:notice] [pid 5116:tid 292] AH00094: Command line: 'D:\\DATA\\EASYPH~1.1VC\\binaries\\apache\\bin\\eds-httpd.exe -d D:/DATA/EasyPHP-DevServer-14.1VC11-Portable/binaries/apache'
[Tue Sep 19 13:18:27.037595 2017] [mpm_winnt:notice] [pid 5116:tid 292] AH00418: Parent: Created child process 3740
[Tue Sep 19 13:18:27.411863 2017] [mpm_winnt:notice] [pid 3740:tid 360] AH00354: Child: Starting 64 worker threads.
[Tue Sep 19 13:47:04.708017 2017] [mpm_winnt:notice] [pid 5116:tid 292] AH00424: Parent: Received restart signal -- Restarting the server.
[Tue Sep 19 13:47:04.786014 2017] [mpm_winnt:notice] [pid 5116:tid 292] AH00455: Apache/2.4.7 (Win32) PHP/5.5.8 configured -- resuming normal operations
[Tue Sep 19 13:47:04.786014 2017] [mpm_winnt:notice] [pid 5116:tid 292] AH00456: Apache Lounge VC11 Server built: Nov 21 2013 20:13:01
[Tue Sep 19 13:47:04.786014 2017] [core:notice] [pid 5116:tid 292] AH00094: Command line: 'D:\\DATA\\EASYPH~1.1VC\\binaries\\apache\\bin\\eds-httpd.exe -d D:/DATA/EasyPHP-DevServer-14.1VC11-Portable/binaries/apache'
[Tue Sep 19 13:47:04.801613 2017] [mpm_winnt:notice] [pid 5116:tid 292] AH00418: Parent: Created child process 2276
[Tue Sep 19 13:47:05.721978 2017] [mpm_winnt:notice] [pid 2276:tid 356] AH00354: Child: Starting 64 worker threads.
[Tue Sep 19 13:47:06.735939 2017] [mpm_winnt:notice] [pid 3740:tid 360] AH00364: Child: All worker threads have exited.
[Tue Sep 19 13:47:11.774545 2017] [mpm_winnt:warn] [pid 2276:tid 1140] (OS 64)Le nom réseau spécifié n’est plus disponible.  : AH00341: winnt_accept: Asynchronous AcceptEx failed.
[Tue Sep 19 14:21:54.883013 2017] [mpm_winnt:notice] [pid 5116:tid 292] AH00424: Parent: Received restart signal -- Restarting the server.
[Tue Sep 19 14:21:54.929812 2017] [mpm_winnt:notice] [pid 5116:tid 292] AH00455: Apache/2.4.7 (Win32) PHP/5.5.8 configured -- resuming normal operations
[Tue Sep 19 14:21:54.929812 2017] [mpm_winnt:notice] [pid 5116:tid 292] AH00456: Apache Lounge VC11 Server built: Nov 21 2013 20:13:01
[Tue Sep 19 14:21:54.929812 2017] [core:notice] [pid 5116:tid 292] AH00094: Command line: 'D:\\DATA\\EASYPH~1.1VC\\binaries\\apache\\bin\\eds-httpd.exe -d D:/DATA/EasyPHP-DevServer-14.1VC11-Portable/binaries/apache'
[Tue Sep 19 14:21:54.945412 2017] [mpm_winnt:notice] [pid 5116:tid 292] AH00418: Parent: Created child process 9004
[Tue Sep 19 14:21:55.858497 2017] [mpm_winnt:notice] [pid 9004:tid 356] AH00354: Child: Starting 64 worker threads.
[Tue Sep 19 14:21:56.885989 2017] [mpm_winnt:notice] [pid 2276:tid 356] AH00364: Child: All worker threads have exited.
[Tue Sep 19 14:26:38.099782 2017] [mpm_winnt:notice] [pid 5116:tid 292] AH00424: Parent: Received restart signal -- Restarting the server.
[Tue Sep 19 14:26:38.172182 2017] [mpm_winnt:notice] [pid 5116:tid 292] AH00455: Apache/2.4.7 (Win32) PHP/5.5.8 configured -- resuming normal operations
[Tue Sep 19 14:26:38.172182 2017] [mpm_winnt:notice] [pid 5116:tid 292] AH00456: Apache Lounge VC11 Server built: Nov 21 2013 20:13:01
[Tue Sep 19 14:26:38.172182 2017] [core:notice] [pid 5116:tid 292] AH00094: Command line: 'D:\\DATA\\EASYPH~1.1VC\\binaries\\apache\\bin\\eds-httpd.exe -d D:/DATA/EasyPHP-DevServer-14.1VC11-Portable/binaries/apache'
[Tue Sep 19 14:26:38.187782 2017] [mpm_winnt:notice] [pid 5116:tid 292] AH00418: Parent: Created child process 3764
[Tue Sep 19 14:26:39.139382 2017] [mpm_winnt:notice] [pid 3764:tid 360] AH00354: Child: Starting 64 worker threads.
[Tue Sep 19 14:26:40.583482 2017] [mpm_winnt:notice] [pid 9004:tid 356] AH00364: Child: All worker threads have exited.
[Tue Sep 19 14:44:03.467662 2017] [mpm_winnt:notice] [pid 5116:tid 292] AH00424: Parent: Received restart signal -- Restarting the server.
[Tue Sep 19 14:44:03.516962 2017] [mpm_winnt:notice] [pid 5116:tid 292] AH00455: Apache/2.4.7 (Win32) PHP/5.5.8 configured -- resuming normal operations
[Tue Sep 19 14:44:03.516962 2017] [mpm_winnt:notice] [pid 5116:tid 292] AH00456: Apache Lounge VC11 Server built: Nov 21 2013 20:13:01
[Tue Sep 19 14:44:03.516962 2017] [core:notice] [pid 5116:tid 292] AH00094: Command line: 'D:\\DATA\\EASYPH~1.1VC\\binaries\\apache\\bin\\eds-httpd.exe -d D:/DATA/EasyPHP-DevServer-14.1VC11-Portable/binaries/apache'
[Tue Sep 19 14:44:03.516962 2017] [mpm_winnt:notice] [pid 5116:tid 292] AH00418: Parent: Created child process 4228
[Tue Sep 19 14:44:04.458857 2017] [mpm_winnt:notice] [pid 4228:tid 356] AH00354: Child: Starting 64 worker threads.
[Tue Sep 19 14:44:05.474951 2017] [mpm_winnt:notice] [pid 3764:tid 360] AH00364: Child: All worker threads have exited.
[Tue Sep 19 14:44:07.328437 2017] [mpm_winnt:notice] [pid 5116:tid 292] AH00422: Parent: Received shutdown signal -- Shutting down the server.
[Tue Sep 19 14:44:13.944198 2017] [mpm_winnt:notice] [pid 4228:tid 356] AH00364: Child: All worker threads have exited.
[Tue Sep 19 14:44:13.964197 2017] [mpm_winnt:notice] [pid 5116:tid 292] AH00430: Parent: Child process 4228 exited successfully.
[Tue Sep 19 14:44:40.181322 2017] [mpm_winnt:notice] [pid 4076:tid 348] AH00455: Apache/2.4.7 (Win32) PHP/5.5.8 configured -- resuming normal operations
[Tue Sep 19 14:44:40.181322 2017] [mpm_winnt:notice] [pid 4076:tid 348] AH00456: Apache Lounge VC11 Server built: Nov 21 2013 20:13:01
[Tue Sep 19 14:44:40.181322 2017] [core:notice] [pid 4076:tid 348] AH00094: Command line: 'D:\\DATA\\EASYPH~1.1VC\\binaries\\apache\\bin\\eds-httpd.exe -d D:/DATA/EasyPHP-DevServer-14.1VC11-Portable/binaries/apache'
[Tue Sep 19 14:44:40.181322 2017] [mpm_winnt:notice] [pid 4076:tid 348] AH00418: Parent: Created child process 5748
[Tue Sep 19 14:44:40.555719 2017] [mpm_winnt:notice] [pid 5748:tid 360] AH00354: Child: Starting 64 worker threads.
[Tue Sep 19 14:44:52.810942 2017] [mpm_winnt:notice] [pid 4076:tid 348] AH00424: Parent: Received restart signal -- Restarting the server.
[Tue Sep 19 14:44:52.869642 2017] [mpm_winnt:notice] [pid 4076:tid 348] AH00455: Apache/2.4.7 (Win32) PHP/5.5.8 configured -- resuming normal operations
[Tue Sep 19 14:44:52.869642 2017] [mpm_winnt:notice] [pid 4076:tid 348] AH00456: Apache Lounge VC11 Server built: Nov 21 2013 20:13:01
[Tue Sep 19 14:44:52.869642 2017] [core:notice] [pid 4076:tid 348] AH00094: Command line: 'D:\\DATA\\EASYPH~1.1VC\\binaries\\apache\\bin\\eds-httpd.exe -d D:/DATA/EasyPHP-DevServer-14.1VC11-Portable/binaries/apache'
[Tue Sep 19 14:44:52.869642 2017] [mpm_winnt:notice] [pid 4076:tid 348] AH00418: Parent: Created child process 7844
[Tue Sep 19 14:44:53.818836 2017] [mpm_winnt:notice] [pid 7844:tid 356] AH00354: Child: Starting 64 worker threads.
[Tue Sep 19 14:44:54.844931 2017] [mpm_winnt:notice] [pid 5748:tid 360] AH00364: Child: All worker threads have exited.
[Tue Sep 19 15:08:32.935288 2017] [mpm_winnt:notice] [pid 4076:tid 348] AH00424: Parent: Received restart signal -- Restarting the server.
[Tue Sep 19 15:08:33.002688 2017] [mpm_winnt:notice] [pid 4076:tid 348] AH00455: Apache/2.4.7 (Win32) PHP/5.5.8 configured -- resuming normal operations
[Tue Sep 19 15:08:33.002688 2017] [mpm_winnt:notice] [pid 4076:tid 348] AH00456: Apache Lounge VC11 Server built: Nov 21 2013 20:13:01
[Tue Sep 19 15:08:33.002688 2017] [core:notice] [pid 4076:tid 348] AH00094: Command line: 'D:\\DATA\\EASYPH~1.1VC\\binaries\\apache\\bin\\eds-httpd.exe -d D:/DATA/EasyPHP-DevServer-14.1VC11-Portable/binaries/apache'
[Tue Sep 19 15:08:33.005188 2017] [mpm_winnt:notice] [pid 4076:tid 348] AH00418: Parent: Created child process 7220
[Tue Sep 19 15:08:33.949988 2017] [mpm_winnt:notice] [pid 7220:tid 356] AH00354: Child: Starting 64 worker threads.
[Tue Sep 19 15:08:34.932988 2017] [mpm_winnt:notice] [pid 7844:tid 356] AH00364: Child: All worker threads have exited.
[Tue Sep 19 15:27:40.559188 2017] [mpm_winnt:notice] [pid 4076:tid 348] AH00424: Parent: Received restart signal -- Restarting the server.
[Tue Sep 19 15:27:40.631588 2017] [mpm_winnt:notice] [pid 4076:tid 348] AH00455: Apache/2.4.7 (Win32) PHP/5.5.8 configured -- resuming normal operations
[Tue Sep 19 15:27:40.631588 2017] [mpm_winnt:notice] [pid 4076:tid 348] AH00456: Apache Lounge VC11 Server built: Nov 21 2013 20:13:01
[Tue Sep 19 15:27:40.631588 2017] [core:notice] [pid 4076:tid 348] AH00094: Command line: 'D:\\DATA\\EASYPH~1.1VC\\binaries\\apache\\bin\\eds-httpd.exe -d D:/DATA/EasyPHP-DevServer-14.1VC11-Portable/binaries/apache'
[Tue Sep 19 15:27:40.631588 2017] [mpm_winnt:notice] [pid 4076:tid 348] AH00418: Parent: Created child process 8396
[Tue Sep 19 15:27:41.583188 2017] [mpm_winnt:notice] [pid 8396:tid 360] AH00354: Child: Starting 64 worker threads.
[Tue Sep 19 15:27:42.592888 2017] [mpm_winnt:notice] [pid 7220:tid 356] AH00364: Child: All worker threads have exited.
[Tue Sep 26 15:34:32.138901 2017] [core:warn] [pid 3924:tid 292] AH00098: pid file D:/DATA/EasyPHP-DevServer-14.1VC11-Portable/binaries/apache/logs/httpd.pid overwritten -- Unclean shutdown of previous Apache run?
[Tue Sep 26 15:34:32.326101 2017] [mpm_winnt:notice] [pid 3924:tid 292] AH00455: Apache/2.4.7 (Win32) PHP/5.5.8 configured -- resuming normal operations
[Tue Sep 26 15:34:32.326101 2017] [mpm_winnt:notice] [pid 3924:tid 292] AH00456: Apache Lounge VC11 Server built: Nov 21 2013 20:13:01
[Tue Sep 26 15:34:32.326101 2017] [core:notice] [pid 3924:tid 292] AH00094: Command line: 'D:\\DATA\\EASYPH~1.1VC\\binaries\\apache\\bin\\eds-httpd.exe -d D:/DATA/EasyPHP-DevServer-14.1VC11-Portable/binaries/apache'
[Tue Sep 26 15:34:32.326101 2017] [mpm_winnt:notice] [pid 3924:tid 292] AH00418: Parent: Created child process 2772
[Tue Sep 26 15:34:32.653701 2017] [mpm_winnt:notice] [pid 2772:tid 360] AH00354: Child: Starting 64 worker threads.
[Tue Sep 26 17:02:40.463171 2017] [mpm_winnt:notice] [pid 3924:tid 292] AH00428: Parent: child process 2772 exited with status 1073807364 -- Restarting.
[Fri Oct 06 09:58:45.982376 2017] [core:warn] [pid 6688:tid 292] AH00098: pid file D:/DATA/EasyPHP-DevServer-14.1VC11-Portable/binaries/apache/logs/httpd.pid overwritten -- Unclean shutdown of previous Apache run?
[Fri Oct 06 09:58:46.543714 2017] [mpm_winnt:notice] [pid 6688:tid 292] AH00455: Apache/2.4.7 (Win32) PHP/5.5.8 configured -- resuming normal operations
[Fri Oct 06 09:58:46.543714 2017] [mpm_winnt:notice] [pid 6688:tid 292] AH00456: Apache Lounge VC11 Server built: Nov 21 2013 20:13:01
[Fri Oct 06 09:58:46.543714 2017] [core:notice] [pid 6688:tid 292] AH00094: Command line: 'D:\\DATA\\EASYPH~1.1VC\\binaries\\apache\\bin\\eds-httpd.exe -d D:/DATA/EasyPHP-DevServer-14.1VC11-Portable/binaries/apache'
[Fri Oct 06 09:58:46.559306 2017] [mpm_winnt:notice] [pid 6688:tid 292] AH00418: Parent: Created child process 6996
[Fri Oct 06 09:58:46.871160 2017] [mpm_winnt:notice] [pid 6996:tid 360] AH00354: Child: Starting 64 worker threads.
[Fri Oct 06 10:00:25.276690 2017] [mpm_winnt:warn] [pid 6996:tid 996] (OS 64)Le nom réseau spécifié n’est plus disponible.  : AH00341: winnt_accept: Asynchronous AcceptEx failed.
[Fri Oct 06 10:00:25.276690 2017] [mpm_winnt:warn] [pid 6996:tid 996] (OS 64)Le nom réseau spécifié n’est plus disponible.  : AH00341: winnt_accept: Asynchronous AcceptEx failed.
[Fri Oct 06 10:00:25.276690 2017] [mpm_winnt:warn] [pid 6996:tid 996] (OS 64)Le nom réseau spécifié n’est plus disponible.  : AH00341: winnt_accept: Asynchronous AcceptEx failed.
[Fri Oct 06 10:00:25.276690 2017] [mpm_winnt:warn] [pid 6996:tid 996] (OS 64)Le nom réseau spécifié n’est plus disponible.  : AH00341: winnt_accept: Asynchronous AcceptEx failed.
[Fri Oct 06 10:00:25.276690 2017] [mpm_winnt:warn] [pid 6996:tid 996] (OS 64)Le nom réseau spécifié n’est plus disponible.  : AH00341: winnt_accept: Asynchronous AcceptEx failed.
[Fri Oct 06 10:00:25.276690 2017] [mpm_winnt:warn] [pid 6996:tid 996] (OS 64)Le nom réseau spécifié n’est plus disponible.  : AH00341: winnt_accept: Asynchronous AcceptEx failed.
[Fri Oct 06 10:00:43.169244 2017] [mpm_winnt:warn] [pid 6996:tid 996] (OS 64)Le nom réseau spécifié n’est plus disponible.  : AH00341: winnt_accept: Asynchronous AcceptEx failed.
[Fri Oct 06 10:00:43.169244 2017] [mpm_winnt:warn] [pid 6996:tid 996] (OS 64)Le nom réseau spécifié n’est plus disponible.  : AH00341: winnt_accept: Asynchronous AcceptEx failed.
[Fri Oct 06 10:00:43.169244 2017] [mpm_winnt:warn] [pid 6996:tid 996] (OS 64)Le nom réseau spécifié n’est plus disponible.  : AH00341: winnt_accept: Asynchronous AcceptEx failed.
[Fri Oct 06 10:00:43.169244 2017] [mpm_winnt:warn] [pid 6996:tid 996] (OS 64)Le nom réseau spécifié n’est plus disponible.  : AH00341: winnt_accept: Asynchronous AcceptEx failed.
[Fri Oct 06 10:00:43.169244 2017] [mpm_winnt:warn] [pid 6996:tid 996] (OS 64)Le nom réseau spécifié n’est plus disponible.  : AH00341: winnt_accept: Asynchronous AcceptEx failed.
[Fri Oct 06 10:00:43.169244 2017] [mpm_winnt:warn] [pid 6996:tid 996] (OS 64)Le nom réseau spécifié n’est plus disponible.  : AH00341: winnt_accept: Asynchronous AcceptEx failed.
[Fri Oct 06 10:55:51.206625 2017] [mpm_winnt:notice] [pid 6688:tid 292] AH00422: Parent: Received shutdown signal -- Shutting down the server.
[Fri Oct 06 10:55:53.234625 2017] [mpm_winnt:notice] [pid 6996:tid 360] AH00364: Child: All worker threads have exited.
[Fri Oct 06 10:55:53.281425 2017] [mpm_winnt:notice] [pid 6688:tid 292] AH00430: Parent: Child process 6996 exited successfully.
[Mon Nov 20 08:44:23.714467 2017] [mpm_winnt:notice] [pid 10872:tid 348] AH00455: Apache/2.4.7 (Win32) PHP/5.5.8 configured -- resuming normal operations
[Mon Nov 20 08:44:23.714467 2017] [mpm_winnt:notice] [pid 10872:tid 348] AH00456: Apache Lounge VC11 Server built: Nov 21 2013 20:13:01
[Mon Nov 20 08:44:23.714467 2017] [core:notice] [pid 10872:tid 348] AH00094: Command line: 'D:\\DATA\\EASYPH~1.1VC\\binaries\\apache\\bin\\eds-httpd.exe -d D:/DATA/EasyPHP-DevServer-14.1VC11-Portable/binaries/apache'
[Mon Nov 20 08:44:23.730067 2017] [mpm_winnt:notice] [pid 10872:tid 348] AH00418: Parent: Created child process 8240
[Mon Nov 20 08:44:24.064667 2017] [mpm_winnt:notice] [pid 8240:tid 360] AH00354: Child: Starting 64 worker threads.
[Mon Nov 20 08:44:40.915667 2017] [mpm_winnt:warn] [pid 8240:tid 896] (OS 64)Le nom réseau spécifié n’est plus disponible.  : AH00341: winnt_accept: Asynchronous AcceptEx failed.
[Mon Nov 20 08:44:44.458867 2017] [mpm_winnt:notice] [pid 10872:tid 348] AH00422: Parent: Received shutdown signal -- Shutting down the server.
[Mon Nov 20 08:44:46.486867 2017] [mpm_winnt:notice] [pid 8240:tid 360] AH00364: Child: All worker threads have exited.
[Mon Nov 20 08:44:46.533667 2017] [mpm_winnt:notice] [pid 10872:tid 348] AH00430: Parent: Child process 8240 exited successfully.
[Fri Nov 24 09:25:19.774324 2017] [mpm_winnt:notice] [pid 11172:tid 348] AH00455: Apache/2.4.7 (Win32) PHP/5.5.8 configured -- resuming normal operations
[Fri Nov 24 09:25:19.774324 2017] [mpm_winnt:notice] [pid 11172:tid 348] AH00456: Apache Lounge VC11 Server built: Nov 21 2013 20:13:01
[Fri Nov 24 09:25:19.774324 2017] [core:notice] [pid 11172:tid 348] AH00094: Command line: 'F:\\AUTRES\\PORTAB~1\\EASYPH~1.1VC\\binaries\\apache\\bin\\eds-httpd.exe -d F:/AUTRES/PortableApps/EasyPHP-DevServer-14.1VC11-Portable/binaries/apache'
[Fri Nov 24 09:25:19.782324 2017] [mpm_winnt:notice] [pid 11172:tid 348] AH00418: Parent: Created child process 8068
[Fri Nov 24 09:25:20.091324 2017] [mpm_winnt:notice] [pid 8068:tid 360] AH00354: Child: Starting 64 worker threads.
[Fri Nov 24 11:18:20.220739 2017] [mpm_winnt:notice] [pid 11172:tid 348] AH00428: Parent: child process 8068 exited with status 1073807364 -- Restarting.
[Fri Dec 01 08:44:21.593849 2017] [core:warn] [pid 10112:tid 292] AH00098: pid file F:/AUTRES/PortableApps/EasyPHP-DevServer-14.1VC11-Portable/binaries/apache/logs/httpd.pid overwritten -- Unclean shutdown of previous Apache run?
[Fri Dec 01 08:44:21.766849 2017] [mpm_winnt:notice] [pid 10112:tid 292] AH00455: Apache/2.4.7 (Win32) PHP/5.5.8 configured -- resuming normal operations
[Fri Dec 01 08:44:21.766849 2017] [mpm_winnt:notice] [pid 10112:tid 292] AH00456: Apache Lounge VC11 Server built: Nov 21 2013 20:13:01
[Fri Dec 01 08:44:21.766849 2017] [core:notice] [pid 10112:tid 292] AH00094: Command line: 'F:\\AUTRES\\PORTAB~1\\EASYPH~1.1VC\\binaries\\apache\\bin\\eds-httpd.exe -d F:/AUTRES/PortableApps/EasyPHP-DevServer-14.1VC11-Portable/binaries/apache'
[Fri Dec 01 08:44:21.773849 2017] [mpm_winnt:notice] [pid 10112:tid 292] AH00418: Parent: Created child process 9600
[Fri Dec 01 08:44:22.170849 2017] [mpm_winnt:notice] [pid 9600:tid 360] AH00354: Child: Starting 64 worker threads.
[Fri Dec 01 08:59:46.076849 2017] [mpm_winnt:warn] [pid 9600:tid 996] (OS 64)Le nom réseau spécifié n’est plus disponible.  : AH00341: winnt_accept: Asynchronous AcceptEx failed.
[Fri Dec 01 08:59:46.077849 2017] [mpm_winnt:warn] [pid 9600:tid 996] (OS 64)Le nom réseau spécifié n’est plus disponible.  : AH00341: winnt_accept: Asynchronous AcceptEx failed.
[Fri Dec 01 08:59:46.077849 2017] [mpm_winnt:warn] [pid 9600:tid 996] (OS 64)Le nom réseau spécifié n’est plus disponible.  : AH00341: winnt_accept: Asynchronous AcceptEx failed.
[Fri Dec 01 10:03:19.052974 2017] [core:warn] [pid 8840:tid 292] AH00098: pid file C:/Users/briandgr/Desktop/P_Smartphones/P_GestProj2_Interface/bin/Debug/EasyPHP-DevServer-14.1VC11-Portable/binaries/apache/logs/httpd.pid overwritten -- Unclean shutdown of previous Apache run?
[Fri Dec 01 10:03:19.067973 2017] [mpm_winnt:notice] [pid 8840:tid 292] AH00455: Apache/2.4.7 (Win32) PHP/5.5.8 configured -- resuming normal operations
[Fri Dec 01 10:03:19.067973 2017] [mpm_winnt:notice] [pid 8840:tid 292] AH00456: Apache Lounge VC11 Server built: Nov 21 2013 20:13:01
[Fri Dec 01 10:03:19.067973 2017] [core:notice] [pid 8840:tid 292] AH00094: Command line: 'C:\\Users\\briandgr\\Desktop\\P_SMAR~1\\P_GEST~1\\bin\\Debug\\EASYPH~1.1VC\\binaries\\apache\\bin\\eds-httpd.exe -d C:/Users/briandgr/Desktop/P_Smartphones/P_GestProj2_Interface/bin/Debug/EasyPHP-DevServer-14.1VC11-Portable/binaries/apache'
[Fri Dec 01 10:03:19.074972 2017] [mpm_winnt:notice] [pid 8840:tid 292] AH00418: Parent: Created child process 10776
[Fri Dec 01 10:03:19.355944 2017] [mpm_winnt:notice] [pid 10776:tid 360] AH00354: Child: Starting 64 worker threads.
[Fri Dec 01 10:16:35.466783 2017] [mpm_winnt:warn] [pid 10776:tid 904] (OS 64)Le nom réseau spécifié n’est plus disponible.  : AH00341: winnt_accept: Asynchronous AcceptEx failed.
[Fri Dec 01 10:16:35.466783 2017] [mpm_winnt:warn] [pid 10776:tid 904] (OS 64)Le nom réseau spécifié n’est plus disponible.  : AH00341: winnt_accept: Asynchronous AcceptEx failed.
[Fri Dec 01 10:19:45.312595 2017] [mpm_winnt:notice] [pid 8840:tid 292] AH00422: Parent: Received shutdown signal -- Shutting down the server.
[Fri Dec 01 10:19:47.312595 2017] [mpm_winnt:notice] [pid 10776:tid 360] AH00364: Child: All worker threads have exited.
[Fri Dec 01 10:19:47.366595 2017] [mpm_winnt:notice] [pid 8840:tid 292] AH00430: Parent: Child process 10776 exited successfully.
[Fri Dec 01 10:20:02.013595 2017] [mpm_winnt:notice] [pid 12744:tid 348] AH00455: Apache/2.4.7 (Win32) PHP/5.5.8 configured -- resuming normal operations
[Fri Dec 01 10:20:02.013595 2017] [mpm_winnt:notice] [pid 12744:tid 348] AH00456: Apache Lounge VC11 Server built: Nov 21 2013 20:13:01
[Fri Dec 01 10:20:02.013595 2017] [core:notice] [pid 12744:tid 348] AH00094: Command line: 'C:\\Users\\briandgr\\Desktop\\P_SMAR~1\\P_GEST~1\\bin\\Debug\\EASYPH~1.1VC\\binaries\\apache\\bin\\eds-httpd.exe -d C:/Users/briandgr/Desktop/P_Smartphones/P_GestProj2_Interface/bin/Debug/EasyPHP-DevServer-14.1VC11-Portable/binaries/apache'
[Fri Dec 01 10:20:02.020595 2017] [mpm_winnt:notice] [pid 12744:tid 348] AH00418: Parent: Created child process 10908
[Fri Dec 01 10:20:02.318595 2017] [mpm_winnt:notice] [pid 10908:tid 360] AH00354: Child: Starting 64 worker threads.
[Fri Dec 01 10:21:08.406995 2017] [mpm_winnt:notice] [pid 12744:tid 348] AH00422: Parent: Received shutdown signal -- Shutting down the server.
[Fri Dec 01 10:21:10.397595 2017] [mpm_winnt:notice] [pid 10908:tid 360] AH00364: Child: All worker threads have exited.
[Fri Dec 01 10:21:10.434595 2017] [mpm_winnt:notice] [pid 12744:tid 348] AH00430: Parent: Child process 10908 exited successfully.
[Fri Dec 01 10:21:20.395195 2017] [mpm_winnt:notice] [pid 11876:tid 348] AH00455: Apache/2.4.7 (Win32) PHP/5.5.8 configured -- resuming normal operations
[Fri Dec 01 10:21:20.395195 2017] [mpm_winnt:notice] [pid 11876:tid 348] AH00456: Apache Lounge VC11 Server built: Nov 21 2013 20:13:01
[Fri Dec 01 10:21:20.395195 2017] [core:notice] [pid 11876:tid 348] AH00094: Command line: 'C:\\Users\\briandgr\\Desktop\\P_SMAR~1\\P_GEST~1\\bin\\Debug\\EASYPH~1.1VC\\binaries\\apache\\bin\\eds-httpd.exe -d C:/Users/briandgr/Desktop/P_Smartphones/P_GestProj2_Interface/bin/Debug/EasyPHP-DevServer-14.1VC11-Portable/binaries/apache'
[Fri Dec 01 10:21:20.395195 2017] [mpm_winnt:notice] [pid 11876:tid 348] AH00418: Parent: Created child process 3648
[Fri Dec 01 10:21:20.675995 2017] [mpm_winnt:notice] [pid 3648:tid 360] AH00354: Child: Starting 64 worker threads.
[Fri Dec 01 10:27:02.348090 2017] [mpm_winnt:warn] [pid 3648:tid 896] (OS 64)Le nom réseau spécifié n’est plus disponible.  : AH00341: winnt_accept: Asynchronous AcceptEx failed.
[Fri Dec 01 10:27:02.348090 2017] [mpm_winnt:warn] [pid 3648:tid 896] (OS 64)Le nom réseau spécifié n’est plus disponible.  : AH00341: winnt_accept: Asynchronous AcceptEx failed.
[Fri Dec 01 10:43:37.937459 2017] [mpm_winnt:notice] [pid 11876:tid 348] AH00422: Parent: Received shutdown signal -- Shutting down the server.
[Fri Dec 01 10:43:39.937459 2017] [mpm_winnt:notice] [pid 3648:tid 360] AH00364: Child: All worker threads have exited.
[Fri Dec 01 10:43:39.981459 2017] [mpm_winnt:notice] [pid 11876:tid 348] AH00430: Parent: Child process 3648 exited successfully.
[Fri Dec 01 10:46:11.457376 2017] [mpm_winnt:notice] [pid 8084:tid 348] AH00455: Apache/2.4.7 (Win32) PHP/5.5.8 configured -- resuming normal operations
[Fri Dec 01 10:46:11.457376 2017] [mpm_winnt:notice] [pid 8084:tid 348] AH00456: Apache Lounge VC11 Server built: Nov 21 2013 20:13:01
[Fri Dec 01 10:46:11.457376 2017] [core:notice] [pid 8084:tid 348] AH00094: Command line: 'C:\\Users\\briandgr\\Desktop\\P_SMAR~1\\P_GEST~1\\bin\\Debug\\EASYPH~1.1VC\\binaries\\apache\\bin\\eds-httpd.exe -d C:/Users/briandgr/Desktop/P_Smartphones/P_GestProj2_Interface/bin/Debug/EasyPHP-DevServer-14.1VC11-Portable/binaries/apache'
[Fri Dec 01 10:46:11.465363 2017] [mpm_winnt:notice] [pid 8084:tid 348] AH00418: Parent: Created child process 3980
[Fri Dec 01 10:46:11.776864 2017] [mpm_winnt:notice] [pid 3980:tid 360] AH00354: Child: Starting 64 worker threads.
[Fri Dec 01 11:26:59.969879 2017] [mpm_winnt:notice] [pid 8084:tid 348] AH00428: Parent: child process 3980 exited with status 1073807364 -- Restarting.
